2, 0.5
2023-03-08 01:02:41/1/Internal event
2023-03-08 01:02:42/3/RecFrom:process_3/QueueSize:1
2023-03-08 01:02:42/4/RecFrom:process_3/QueueSize:1
2023-03-08 01:02:43/6/RecFrom:process_3/QueueSize:1
2023-03-08 01:02:43/7/Sent to machine_2
2023-03-08 01:02:44/8/Internal event
2023-03-08 01:02:44/11/RecFrom:process_3/QueueSize:1
2023-03-08 01:02:45/12/Internal event
2023-03-08 01:02:46/13/Internal event
2023-03-08 01:02:46/14/Internal event
2023-03-08 01:02:47/19/RecFrom:process_3/QueueSize:1
2023-03-08 01:02:47/20/Sent to machine_1
2023-03-08 01:02:48/21/Sent to machine_1
2023-03-08 01:02:48/23/RecFrom:process_3/QueueSize:1
2023-03-08 01:02:49/24/Internal event
2023-03-08 01:02:49/26/RecFrom:process_3/QueueSize:2
2023-03-08 01:02:50/27/RecFrom:process_3/QueueSize:1
2023-03-08 01:02:50/28/Sent to machine_2
2023-03-08 01:02:51/29/Sent to machine_1
2023-03-08 01:02:51/30/Internal event
2023-03-08 01:02:52/36/RecFrom:process_3/QueueSize:1
2023-03-08 01:02:53/37/Internal event
2023-03-08 01:02:53/38/RecFrom:process_3/QueueSize:2
2023-03-08 01:02:54/40/RecFrom:process_3/QueueSize:1
2023-03-08 01:02:54/43/RecFrom:process_3/QueueSize:1
2023-03-08 01:02:55/44/Internal event
2023-03-08 01:02:55/45/Internal event
2023-03-08 01:02:56/46/Internal event
2023-03-08 01:02:57/47/Internal event
2023-03-08 01:02:57/48/Sent to machine_2
2023-03-08 01:02:58/49/Internal event
2023-03-08 01:02:58/50/Internal event
2023-03-08 01:02:59/51/Broadcast to all machines
2023-03-08 01:02:59/52/Internal event
2023-03-08 01:03:00/53/Internal event
2023-03-08 01:03:01/54/Internal event
2023-03-08 01:03:01/63/RecFrom:process_3/QueueSize:1
2023-03-08 01:03:02/64/Internal event
2023-03-08 01:03:02/65/Broadcast to all machines
2023-03-08 01:03:03/66/Internal event
2023-03-08 01:03:03/67/Sent to machine_2
2023-03-08 01:03:04/68/Internal event
2023-03-08 01:03:04/74/RecFrom:process_3/QueueSize:1
2023-03-08 01:03:05/75/Internal event
2023-03-08 01:03:05/78/RecFrom:process_3/QueueSize:1
2023-03-08 01:03:06/80/RecFrom:process_3/QueueSize:1
2023-03-08 01:03:07/81/Internal event
2023-03-08 01:03:07/82/Internal event
2023-03-08 01:03:08/83/Internal event
2023-03-08 01:03:08/84/Broadcast to all machines
2023-03-08 01:03:09/85/Internal event
2023-03-08 01:03:10/86/Internal event
2023-03-08 01:03:10/87/Sent to machine_2
2023-03-08 01:03:11/88/Sent to machine_2
2023-03-08 01:03:11/96/RecFrom:process_3/QueueSize:1
2023-03-08 01:03:12/97/Internal event
2023-03-08 01:03:12/98/Internal event
2023-03-08 01:03:13/99/Sent to machine_2
2023-03-08 01:03:13/100/Sent to machine_1
2023-03-08 01:03:14/101/Internal event
2023-03-08 01:03:14/102/Internal event
2023-03-08 01:03:15/103/Internal event
2023-03-08 01:03:16/104/Sent to machine_1
2023-03-08 01:03:16/105/Internal event
2023-03-08 01:03:17/106/Internal event
2023-03-08 01:03:17/107/Internal event
2023-03-08 01:03:18/116/RecFrom:process_3/QueueSize:1
2023-03-08 01:03:18/117/RecFrom:process_1/QueueSize:1
2023-03-08 01:03:19/118/Internal event
2023-03-08 01:03:20/119/Sent to machine_1
2023-03-08 01:03:20/122/RecFrom:process_3/QueueSize:1
2023-03-08 01:03:21/123/Broadcast to all machines
2023-03-08 01:03:21/126/RecFrom:process_3/QueueSize:1
2023-03-08 01:03:22/127/Internal event
2023-03-08 01:03:22/128/Internal event
2023-03-08 01:03:23/129/Internal event
2023-03-08 01:03:23/132/RecFrom:process_3/QueueSize:1
2023-03-08 01:03:24/133/Sent to machine_2
2023-03-08 01:03:24/134/Internal event
2023-03-08 01:03:25/137/RecFrom:process_3/QueueSize:1
2023-03-08 01:03:25/138/Broadcast to all machines
2023-03-08 01:03:26/139/Sent to machine_2
2023-03-08 01:03:26/140/Broadcast to all machines
2023-03-08 01:03:27/141/Sent to machine_2
2023-03-08 01:03:28/142/Internal event
2023-03-08 01:03:28/148/RecFrom:process_3/QueueSize:1
2023-03-08 01:03:29/149/Internal event
2023-03-08 01:03:29/150/Internal event
2023-03-08 01:03:30/153/RecFrom:process_3/QueueSize:2
2023-03-08 01:03:30/154/RecFrom:process_3/QueueSize:1
2023-03-08 01:03:31/158/RecFrom:process_3/QueueSize:1
2023-03-08 01:03:31/159/RecFrom:process_3/QueueSize:1
2023-03-08 01:03:32/160/Internal event
2023-03-08 01:03:33/161/Internal event
2023-03-08 01:03:33/162/Sent to machine_1
2023-03-08 01:03:34/163/Internal event
2023-03-08 01:03:34/164/Internal event
2023-03-08 01:03:35/165/Internal event
2023-03-08 01:03:35/166/Internal event
2023-03-08 01:03:36/167/Sent to machine_1
2023-03-08 01:03:36/168/Sent to machine_1
2023-03-08 01:03:37/169/Internal event
2023-03-08 01:03:38/177/RecFrom:process_3/QueueSize:1
2023-03-08 01:03:38/178/Internal event
2023-03-08 01:03:39/179/Internal event
2023-03-08 01:03:39/182/RecFrom:process_3/QueueSize:1
2023-03-08 01:03:40/185/RecFrom:process_3/QueueSize:1
2023-03-08 01:03:40/186/Internal event
2023-03-08 01:03:41/187/Sent to machine_1
2023-03-08 01:03:41/188/Internal event
2023-03-08 01:03:42/191/RecFrom:process_3/QueueSize:2
2023-03-08 01:03:42/192/RecFrom:process_3/QueueSize:1
2023-03-08 01:03:43/193/Sent to machine_2
2023-03-08 01:03:44/194/Internal event
2023-03-08 01:03:44/198/RecFrom:process_3/QueueSize:1
2023-03-08 01:03:45/199/Internal event
2023-03-08 01:03:45/202/RecFrom:process_3/QueueSize:1
2023-03-08 01:03:46/203/Internal event
2023-03-08 01:03:46/205/RecFrom:process_3/QueueSize:1
2023-03-08 01:03:47/206/Sent to machine_2
2023-03-08 01:03:47/207/Sent to machine_2
2023-03-08 01:03:48/208/Internal event
2023-03-08 01:03:49/209/Internal event
2023-03-08 01:03:49/210/Internal event
2023-03-08 01:03:50/216/RecFrom:process_3/QueueSize:1
2023-03-08 01:03:50/218/RecFrom:process_3/QueueSize:2
2023-03-08 01:03:51/219/RecFrom:process_3/QueueSize:1
