3, 0.25
2023-03-08 01:02:41/1/Internal event
2023-03-08 01:02:42/2/Sent to machine_2
2023-03-08 01:02:42/3/Sent to machine_2
2023-03-08 01:02:42/4/Internal event
2023-03-08 01:02:42/5/Sent to machine_2
2023-03-08 01:02:43/6/Internal event
2023-03-08 01:02:43/7/Internal event
2023-03-08 01:02:43/8/RecFrom:process_2/QueueSize:1
2023-03-08 01:02:44/9/Internal event
2023-03-08 01:02:44/10/Broadcast to all machines
2023-03-08 01:02:44/11/Internal event
2023-03-08 01:02:45/12/Internal event
2023-03-08 01:02:45/13/Internal event
2023-03-08 01:02:45/14/Internal event
2023-03-08 01:02:46/15/Internal event
2023-03-08 01:02:46/16/Internal event
2023-03-08 01:02:46/17/Internal event
2023-03-08 01:02:47/18/Broadcast to all machines
2023-03-08 01:02:47/19/Internal event
2023-03-08 01:02:47/20/Sent to machine_1
2023-03-08 01:02:48/21/Internal event
2023-03-08 01:02:48/22/Sent to machine_2
2023-03-08 01:02:48/23/Sent to machine_1
2023-03-08 01:02:49/24/Internal event
2023-03-08 01:02:49/25/Sent to machine_2
2023-03-08 01:02:49/26/Sent to machine_2
2023-03-08 01:02:49/27/Internal event
2023-03-08 01:02:50/28/Internal event
2023-03-08 01:02:50/29/Internal event
2023-03-08 01:02:50/30/RecFrom:process_2/QueueSize:1
2023-03-08 01:02:51/31/Internal event
2023-03-08 01:02:51/32/Internal event
2023-03-08 01:02:51/33/Sent to machine_1
2023-03-08 01:02:52/34/Internal event
2023-03-08 01:02:52/35/Sent to machine_2
2023-03-08 01:02:52/36/Internal event
2023-03-08 01:02:53/37/Sent to machine_2
2023-03-08 01:02:53/38/Sent to machine_1
2023-03-08 01:02:53/39/Sent to machine_2
2023-03-08 01:02:53/40/Sent to machine_1
2023-03-08 01:02:54/41/Internal event
2023-03-08 01:02:54/42/Broadcast to all machines
2023-03-08 01:02:54/43/Internal event
2023-03-08 01:02:55/44/Internal event
2023-03-08 01:02:55/45/Internal event
2023-03-08 01:02:55/46/Sent to machine_1
2023-03-08 01:02:56/47/Internal event
2023-03-08 01:02:56/48/Internal event
2023-03-08 01:02:56/49/Internal event
2023-03-08 01:02:57/50/Internal event
2023-03-08 01:02:57/51/Internal event
2023-03-08 01:02:57/52/RecFrom:process_2/QueueSize:1
2023-03-08 01:02:58/53/Internal event
2023-03-08 01:02:58/54/Internal event
2023-03-08 01:02:58/55/Internal event
2023-03-08 01:02:59/56/Sent to machine_1
2023-03-08 01:02:59/57/RecFrom:process_2/QueueSize:1
2023-03-08 01:02:59/58/Internal event
2023-03-08 01:03:00/59/Internal event
2023-03-08 01:03:00/60/Internal event
2023-03-08 01:03:00/61/Internal event
2023-03-08 01:03:01/62/Sent to machine_2
2023-03-08 01:03:01/63/Internal event
2023-03-08 01:03:01/64/Sent to machine_1
2023-03-08 01:03:02/65/Internal event
2023-03-08 01:03:02/66/Internal event
2023-03-08 01:03:02/67/Sent to machine_1
2023-03-08 01:03:02/68/RecFrom:process_2/QueueSize:1
2023-03-08 01:03:03/69/Internal event
2023-03-08 01:03:03/70/Internal event
2023-03-08 01:03:03/71/RecFrom:process_2/QueueSize:1
2023-03-08 01:03:04/72/Internal event
2023-03-08 01:03:04/73/Broadcast to all machines
2023-03-08 01:03:04/74/Sent to machine_1
2023-03-08 01:03:05/75/Internal event
2023-03-08 01:03:05/76/Internal event
2023-03-08 01:03:05/77/Sent to machine_2
2023-03-08 01:03:06/78/Internal event
2023-03-08 01:03:06/79/Broadcast to all machines
2023-03-08 01:03:06/80/Internal event
2023-03-08 01:03:06/81/Internal event
2023-03-08 01:03:07/82/Internal event
2023-03-08 01:03:07/83/Sent to machine_1
2023-03-08 01:03:07/84/Internal event
2023-03-08 01:03:08/85/Internal event
2023-03-08 01:03:08/86/Internal event
2023-03-08 01:03:08/87/RecFrom:process_2/QueueSize:1
2023-03-08 01:03:09/88/Internal event
2023-03-08 01:03:09/89/Internal event
2023-03-08 01:03:09/90/Internal event
2023-03-08 01:03:10/91/Sent to machine_1
2023-03-08 01:03:10/92/Internal event
2023-03-08 01:03:10/93/RecFrom:process_2/QueueSize:1
2023-03-08 01:03:11/94/RecFrom:process_2/QueueSize:1
2023-03-08 01:03:11/95/Broadcast to all machines
2023-03-08 01:03:11/96/Internal event
2023-03-08 01:03:12/97/Internal event
2023-03-08 01:03:12/98/Internal event
2023-03-08 01:03:12/99/Sent to machine_1
2023-03-08 01:03:13/100/Internal event
2023-03-08 01:03:13/101/RecFrom:process_2/QueueSize:1
2023-03-08 01:03:13/102/Internal event
2023-03-08 01:03:14/103/Internal event
2023-03-08 01:03:14/104/Internal event
2023-03-08 01:03:14/105/Internal event
2023-03-08 01:03:15/106/Internal event
2023-03-08 01:03:15/107/Internal event
2023-03-08 01:03:15/108/Internal event
2023-03-08 01:03:16/109/Internal event
2023-03-08 01:03:16/110/Internal event
2023-03-08 01:03:16/111/Internal event
2023-03-08 01:03:17/112/Internal event
2023-03-08 01:03:17/113/Internal event
2023-03-08 01:03:17/114/Internal event
2023-03-08 01:03:18/115/Sent to machine_2
2023-03-08 01:03:18/116/Internal event
2023-03-08 01:03:18/117/Internal event
2023-03-08 01:03:19/118/Internal event
2023-03-08 01:03:19/119/Internal event
2023-03-08 01:03:19/120/Internal event
2023-03-08 01:03:20/121/Sent to machine_2
2023-03-08 01:03:20/122/Internal event
2023-03-08 01:03:20/123/Sent to machine_1
2023-03-08 01:03:21/124/RecFrom:process_2/QueueSize:1
2023-03-08 01:03:21/125/Sent to machine_2
2023-03-08 01:03:21/126/Internal event
2023-03-08 01:03:22/127/Internal event
2023-03-08 01:03:22/128/Internal event
2023-03-08 01:03:22/129/Internal event
2023-03-08 01:03:23/130/Internal event
2023-03-08 01:03:23/131/Broadcast to all machines
2023-03-08 01:03:23/132/Internal event
2023-03-08 01:03:24/133/Internal event
2023-03-08 01:03:24/134/Internal event
2023-03-08 01:03:24/135/RecFrom:process_2/QueueSize:1
2023-03-08 01:03:24/136/Sent to machine_2
2023-03-08 01:03:25/137/Internal event
2023-03-08 01:03:25/138/Internal event
2023-03-08 01:03:25/139/Internal event
2023-03-08 01:03:26/140/RecFrom:process_2/QueueSize:1
2023-03-08 01:03:26/141/RecFrom:process_2/QueueSize:1
2023-03-08 01:03:26/142/Sent to machine_1
2023-03-08 01:03:26/143/RecFrom:process_2/QueueSize:1
2023-03-08 01:03:27/144/Internal event
2023-03-08 01:03:27/145/RecFrom:process_2/QueueSize:1
2023-03-08 01:03:27/146/Sent to machine_1
2023-03-08 01:03:28/147/Broadcast to all machines
2023-03-08 01:03:28/148/Internal event
2023-03-08 01:03:28/149/Internal event
2023-03-08 01:03:29/150/Internal event
2023-03-08 01:03:29/151/Internal event
2023-03-08 01:03:29/152/Sent to machine_2
2023-03-08 01:03:30/153/Sent to machine_2
2023-03-08 01:03:30/154/Internal event
2023-03-08 01:03:30/155/Internal event
2023-03-08 01:03:30/156/Sent to machine_1
2023-03-08 01:03:31/157/Sent to machine_2
2023-03-08 01:03:31/158/Broadcast to all machines
2023-03-08 01:03:31/159/Internal event
2023-03-08 01:03:32/160/Internal event
2023-03-08 01:03:32/161/Internal event
2023-03-08 01:03:32/162/Internal event
2023-03-08 01:03:33/163/Internal event
2023-03-08 01:03:33/164/Internal event
2023-03-08 01:03:33/165/Internal event
2023-03-08 01:03:34/166/Sent to machine_1
2023-03-08 01:03:34/167/Internal event
2023-03-08 01:03:34/168/Internal event
2023-03-08 01:03:35/169/Internal event
2023-03-08 01:03:35/170/Internal event
2023-03-08 01:03:36/171/Internal event
2023-03-08 01:03:36/172/RecFrom:process_1/QueueSize:1
2023-03-08 01:03:36/173/Internal event
2023-03-08 01:03:36/174/Internal event
2023-03-08 01:03:37/175/Internal event
2023-03-08 01:03:37/176/Broadcast to all machines
2023-03-08 01:03:37/177/Internal event
2023-03-08 01:03:38/178/Internal event
2023-03-08 01:03:38/179/Internal event
2023-03-08 01:03:38/180/Sent to machine_1
2023-03-08 01:03:39/181/Broadcast to all machines
2023-03-08 01:03:39/182/Sent to machine_1
2023-03-08 01:03:39/183/Internal event
2023-03-08 01:03:40/184/Sent to machine_2
2023-03-08 01:03:40/185/Internal event
2023-03-08 01:03:40/186/Internal event
2023-03-08 01:03:41/187/Internal event
2023-03-08 01:03:41/188/Internal event
2023-03-08 01:03:41/189/Internal event
2023-03-08 01:03:42/190/Sent to machine_2
2023-03-08 01:03:42/191/Sent to machine_2
2023-03-08 01:03:42/192/Internal event
2023-03-08 01:03:43/193/Internal event
2023-03-08 01:03:43/194/Internal event
2023-03-08 01:03:43/195/RecFrom:process_2/QueueSize:1
2023-03-08 01:03:43/196/Sent to machine_1
2023-03-08 01:03:44/197/Sent to machine_2
2023-03-08 01:03:44/198/Internal event
2023-03-08 01:03:44/199/Internal event
2023-03-08 01:03:45/200/Internal event
2023-03-08 01:03:45/201/Broadcast to all machines
2023-03-08 01:03:45/202/Internal event
2023-03-08 01:03:46/203/Internal event
2023-03-08 01:03:46/204/Sent to machine_2
2023-03-08 01:03:46/205/Sent to machine_1
2023-03-08 01:03:47/206/Internal event
2023-03-08 01:03:47/207/Internal event
2023-03-08 01:03:47/208/RecFrom:process_2/QueueSize:1
2023-03-08 01:03:47/209/RecFrom:process_2/QueueSize:1
2023-03-08 01:03:48/210/Sent to machine_1
2023-03-08 01:03:48/211/Internal event
2023-03-08 01:03:48/212/Internal event
2023-03-08 01:03:49/213/Sent to machine_1
2023-03-08 01:03:49/214/Internal event
2023-03-08 01:03:49/215/Broadcast to all machines
2023-03-08 01:03:50/216/Internal event
2023-03-08 01:03:50/217/Broadcast to all machines
2023-03-08 01:03:50/218/Broadcast to all machines
2023-03-08 01:03:50/219/Internal event
2023-03-08 01:03:51/220/Internal event
