2, 0.5
2023-03-08 01:24:39/1/Internal event
2023-03-08 01:24:40/3/RecFrom:process_1/QueueSize:1
2023-03-08 01:24:40/4/Sent to machine_2
2023-03-08 01:24:41/5/Internal event
2023-03-08 01:24:41/10/RecFrom:process_1/QueueSize:1
2023-03-08 01:24:42/11/Sent to machine_1
2023-03-08 01:24:42/16/RecFrom:process_1/QueueSize:1
2023-03-08 01:24:43/17/Broadcast to all machines
2023-03-08 01:24:43/20/RecFrom:process_3/QueueSize:1
2023-03-08 01:24:44/22/RecFrom:process_3/QueueSize:1
2023-03-08 01:24:44/23/Internal event
2023-03-08 01:24:45/26/RecFrom:process_1/QueueSize:1
2023-03-08 01:24:45/28/RecFrom:process_3/QueueSize:1
2023-03-08 01:24:46/30/RecFrom:process_3/QueueSize:1
2023-03-08 01:24:46/31/Internal event
2023-03-08 01:24:47/35/RecFrom:process_3/QueueSize:1
2023-03-08 01:24:47/36/Sent to machine_1
2023-03-08 01:24:48/40/RecFrom:process_1/QueueSize:1
2023-03-08 01:24:48/42/RecFrom:process_3/QueueSize:1
2023-03-08 01:24:49/43/Internal event
2023-03-08 01:24:50/44/Sent to machine_2
2023-03-08 01:24:50/50/RecFrom:process_3/QueueSize:1
2023-03-08 01:24:51/51/Sent to machine_2
2023-03-08 01:24:51/52/RecFrom:process_1/QueueSize:1
2023-03-08 01:24:52/55/RecFrom:process_3/QueueSize:2
2023-03-08 01:24:52/56/RecFrom:process_3/QueueSize:2
2023-03-08 01:24:53/58/RecFrom:process_3/QueueSize:2
2023-03-08 01:24:53/60/RecFrom:process_3/QueueSize:1
2023-03-08 01:24:54/65/RecFrom:process_3/QueueSize:1
2023-03-08 01:24:54/66/Internal event
2023-03-08 01:24:55/69/RecFrom:process_3/QueueSize:1
2023-03-08 01:24:55/73/RecFrom:process_3/QueueSize:1
2023-03-08 01:24:56/75/RecFrom:process_3/QueueSize:2
2023-03-08 01:24:56/77/RecFrom:process_1/QueueSize:1
2023-03-08 01:24:57/81/RecFrom:process_3/QueueSize:1
2023-03-08 01:24:57/82/Internal event
2023-03-08 01:24:58/85/RecFrom:process_1/QueueSize:1
2023-03-08 01:24:58/86/Internal event
2023-03-08 01:24:59/87/Sent to machine_2
2023-03-08 01:24:59/88/Sent to machine_1
2023-03-08 01:25:00/89/Internal event
2023-03-08 01:25:01/90/Internal event
2023-03-08 01:25:01/91/Internal event
2023-03-08 01:25:02/101/RecFrom:process_3/QueueSize:1
2023-03-08 01:25:02/104/RecFrom:process_1/QueueSize:1
2023-03-08 01:25:03/105/Broadcast to all machines
2023-03-08 01:25:03/106/Internal event
2023-03-08 01:25:04/109/RecFrom:process_1/QueueSize:1
2023-03-08 01:25:05/110/Internal event
2023-03-08 01:25:05/113/RecFrom:process_3/QueueSize:1
2023-03-08 01:25:06/114/Internal event
2023-03-08 01:25:06/115/Internal event
2023-03-08 01:25:07/119/RecFrom:process_3/QueueSize:2
2023-03-08 01:25:07/120/RecFrom:process_3/QueueSize:2
2023-03-08 01:25:08/122/RecFrom:process_3/QueueSize:2
2023-03-08 01:25:08/124/RecFrom:process_1/QueueSize:2
2023-03-08 01:25:09/127/RecFrom:process_3/QueueSize:2
2023-03-08 01:25:09/128/RecFrom:process_3/QueueSize:3
2023-03-08 01:25:10/130/RecFrom:process_1/QueueSize:2
2023-03-08 01:25:10/131/RecFrom:process_1/QueueSize:1
2023-03-08 01:25:11/138/RecFrom:process_1/QueueSize:1
2023-03-08 01:25:11/139/Internal event
2023-03-08 01:25:12/140/Internal event
2023-03-08 01:25:13/141/Internal event
2023-03-08 01:25:13/148/RecFrom:process_1/QueueSize:1
2023-03-08 01:25:14/149/RecFrom:process_1/QueueSize:1
2023-03-08 01:25:14/150/Sent to machine_2
2023-03-08 01:25:15/151/Internal event
2023-03-08 01:25:15/158/RecFrom:process_1/QueueSize:1
2023-03-08 01:25:16/159/Sent to machine_1
2023-03-08 01:25:16/160/Sent to machine_2
2023-03-08 01:25:17/163/RecFrom:process_1/QueueSize:1
2023-03-08 01:25:17/164/Internal event
2023-03-08 01:25:18/168/RecFrom:process_1/QueueSize:1
2023-03-08 01:25:18/171/RecFrom:process_3/QueueSize:1
2023-03-08 01:25:19/172/RecFrom:process_1/QueueSize:1
2023-03-08 01:25:19/173/Internal event
2023-03-08 01:25:20/174/Internal event
2023-03-08 01:25:21/175/Sent to machine_2
2023-03-08 01:25:21/176/Internal event
2023-03-08 01:25:22/181/RecFrom:process_1/QueueSize:2
2023-03-08 01:25:22/183/RecFrom:process_1/QueueSize:1
2023-03-08 01:25:23/184/Sent to machine_1
2023-03-08 01:25:23/188/RecFrom:process_3/QueueSize:2
2023-03-08 01:25:24/189/RecFrom:process_3/QueueSize:3
2023-03-08 01:25:24/190/RecFrom:process_3/QueueSize:2
2023-03-08 01:25:25/191/RecFrom:process_3/QueueSize:1
2023-03-08 01:25:25/192/Internal event
2023-03-08 01:25:26/199/RecFrom:process_3/QueueSize:1
2023-03-08 01:25:26/202/RecFrom:process_1/QueueSize:4
2023-03-08 01:25:27/203/RecFrom:process_3/QueueSize:4
2023-03-08 01:25:27/204/RecFrom:process_1/QueueSize:3
2023-03-08 01:25:28/205/RecFrom:process_3/QueueSize:2
2023-03-08 01:25:28/206/RecFrom:process_3/QueueSize:1
2023-03-08 01:25:29/207/Broadcast to all machines
2023-03-08 01:25:29/208/Sent to machine_2
2023-03-08 01:25:30/209/Internal event
2023-03-08 01:25:31/210/Internal event
2023-03-08 01:25:31/220/RecFrom:process_3/QueueSize:1
2023-03-08 01:25:32/222/RecFrom:process_1/QueueSize:1
2023-03-08 01:25:32/225/RecFrom:process_1/QueueSize:1
2023-03-08 01:25:33/227/RecFrom:process_3/QueueSize:1
2023-03-08 01:25:33/228/RecFrom:process_3/QueueSize:1
2023-03-08 01:25:34/229/Internal event
2023-03-08 01:25:34/234/RecFrom:process_1/QueueSize:1
2023-03-08 01:25:35/235/RecFrom:process_1/QueueSize:2
2023-03-08 01:25:35/236/RecFrom:process_1/QueueSize:1
2023-03-08 01:25:36/239/RecFrom:process_1/QueueSize:1
2023-03-08 01:25:36/240/Internal event
2023-03-08 01:25:37/241/Broadcast to all machines
2023-03-08 01:25:37/242/Broadcast to all machines
2023-03-08 01:25:38/243/Internal event
2023-03-08 01:25:38/244/Sent to machine_1
2023-03-08 01:25:39/252/RecFrom:process_3/QueueSize:1
2023-03-08 01:25:39/253/Internal event
2023-03-08 01:25:40/258/RecFrom:process_1/QueueSize:1
2023-03-08 01:25:41/259/Internal event
2023-03-08 01:25:41/260/Broadcast to all machines
2023-03-08 01:25:42/261/Internal event
2023-03-08 01:25:42/262/Internal event
2023-03-08 01:25:43/268/RecFrom:process_1/QueueSize:1
2023-03-08 01:25:43/270/RecFrom:process_1/QueueSize:2
2023-03-08 01:25:44/271/RecFrom:process_3/QueueSize:2
2023-03-08 01:25:44/273/RecFrom:process_3/QueueSize:1
2023-03-08 01:25:45/277/RecFrom:process_3/QueueSize:1
2023-03-08 01:25:45/279/RecFrom:process_3/QueueSize:1
2023-03-08 01:25:46/280/Broadcast to all machines
2023-03-08 01:25:46/281/Internal event
2023-03-08 01:25:47/284/RecFrom:process_3/QueueSize:1
2023-03-08 01:25:47/285/Broadcast to all machines
2023-03-08 01:25:48/286/Internal event
2023-03-08 01:25:49/290/RecFrom:process_3/QueueSize:1
