1, 0.2
2023-03-08 01:24:39/1/Sent to machine_2
2023-03-08 01:24:39/2/Sent to machine_1
2023-03-08 01:24:39/3/Sent to machine_2
2023-03-08 01:24:40/4/Internal event
2023-03-08 01:24:40/5/Internal event
2023-03-08 01:24:40/6/Internal event
2023-03-08 01:24:41/7/Internal event
2023-03-08 01:24:41/8/Internal event
2023-03-08 01:24:41/9/Broadcast to all machines
2023-03-08 01:24:41/10/Internal event
2023-03-08 01:24:42/13/RecFrom:process_3/QueueSize:1
2023-03-08 01:24:42/14/RecFrom:process_2/QueueSize:1
2023-03-08 01:24:42/15/Sent to machine_1
2023-03-08 01:24:42/16/RecFrom:process_3/QueueSize:1
2023-03-08 01:24:43/17/Internal event
2023-03-08 01:24:43/18/RecFrom:process_2/QueueSize:1
2023-03-08 01:24:43/19/Internal event
2023-03-08 01:24:43/20/Internal event
2023-03-08 01:24:44/21/Internal event
2023-03-08 01:24:44/22/RecFrom:process_3/QueueSize:1
2023-03-08 01:24:44/23/Internal event
2023-03-08 01:24:45/24/Internal event
2023-03-08 01:24:45/25/Broadcast to all machines
2023-03-08 01:24:45/26/Internal event
2023-03-08 01:24:45/28/RecFrom:process_3/QueueSize:1
2023-03-08 01:24:46/29/Internal event
2023-03-08 01:24:46/30/Internal event
2023-03-08 01:24:46/31/Internal event
2023-03-08 01:24:46/32/Internal event
2023-03-08 01:24:47/33/Internal event
2023-03-08 01:24:47/35/RecFrom:process_3/QueueSize:1
2023-03-08 01:24:47/36/Internal event
2023-03-08 01:24:47/37/RecFrom:process_2/QueueSize:2
2023-03-08 01:24:48/38/RecFrom:process_3/QueueSize:1
2023-03-08 01:24:48/39/Broadcast to all machines
2023-03-08 01:24:48/40/Internal event
2023-03-08 01:24:48/42/RecFrom:process_3/QueueSize:1
2023-03-08 01:24:49/43/Internal event
2023-03-08 01:24:49/44/Internal event
2023-03-08 01:24:49/45/Sent to machine_2
2023-03-08 01:24:50/46/Internal event
2023-03-08 01:24:50/47/Internal event
2023-03-08 01:24:50/48/Internal event
2023-03-08 01:24:50/49/Sent to machine_2
2023-03-08 01:24:51/50/Internal event
2023-03-08 01:24:51/51/Sent to machine_1
2023-03-08 01:24:51/52/Internal event
2023-03-08 01:24:51/55/RecFrom:process_3/QueueSize:1
2023-03-08 01:24:52/56/RecFrom:process_3/QueueSize:1
2023-03-08 01:24:52/57/RecFrom:process_3/QueueSize:1
2023-03-08 01:24:52/58/Internal event
2023-03-08 01:24:52/59/Internal event
2023-03-08 01:24:53/60/Internal event
2023-03-08 01:24:53/61/Internal event
2023-03-08 01:24:53/62/RecFrom:process_3/QueueSize:2
2023-03-08 01:24:53/63/RecFrom:process_3/QueueSize:2
2023-03-08 01:24:54/64/RecFrom:process_3/QueueSize:2
2023-03-08 01:24:54/65/RecFrom:process_3/QueueSize:1
2023-03-08 01:24:54/66/Sent to machine_2
2023-03-08 01:24:54/67/Internal event
2023-03-08 01:24:55/69/RecFrom:process_3/QueueSize:1
2023-03-08 01:24:55/70/Sent to machine_2
2023-03-08 01:24:55/71/Internal event
2023-03-08 01:24:55/72/Internal event
2023-03-08 01:24:56/75/RecFrom:process_3/QueueSize:1
2023-03-08 01:24:56/76/Broadcast to all machines
2023-03-08 01:24:56/77/Internal event
2023-03-08 01:24:56/79/RecFrom:process_3/QueueSize:1
2023-03-08 01:24:57/80/Internal event
2023-03-08 01:24:57/81/Internal event
2023-03-08 01:24:57/82/Internal event
2023-03-08 01:24:57/83/Internal event
2023-03-08 01:24:58/84/Broadcast to all machines
2023-03-08 01:24:58/85/Internal event
2023-03-08 01:24:58/87/RecFrom:process_3/QueueSize:1
2023-03-08 01:24:58/88/Internal event
2023-03-08 01:24:59/89/Internal event
2023-03-08 01:24:59/90/Internal event
2023-03-08 01:24:59/91/Internal event
2023-03-08 01:25:00/92/RecFrom:process_2/QueueSize:1
2023-03-08 01:25:00/93/Internal event
2023-03-08 01:25:00/94/Internal event
2023-03-08 01:25:01/95/Internal event
2023-03-08 01:25:01/96/Sent to machine_2
2023-03-08 01:25:01/97/Internal event
2023-03-08 01:25:01/99/RecFrom:process_3/QueueSize:1
2023-03-08 01:25:02/100/Internal event
2023-03-08 01:25:02/101/RecFrom:process_3/QueueSize:1
2023-03-08 01:25:02/102/RecFrom:process_3/QueueSize:1
2023-03-08 01:25:02/103/Broadcast to all machines
2023-03-08 01:25:02/104/Internal event
2023-03-08 01:25:03/105/Internal event
2023-03-08 01:25:03/106/RecFrom:process_2/QueueSize:1
2023-03-08 01:25:03/107/Internal event
2023-03-08 01:25:03/108/Broadcast to all machines
2023-03-08 01:25:04/109/Internal event
2023-03-08 01:25:04/110/Internal event
2023-03-08 01:25:04/111/Internal event
2023-03-08 01:25:05/112/Internal event
2023-03-08 01:25:05/113/Internal event
2023-03-08 01:25:05/114/Internal event
2023-03-08 01:25:06/115/Internal event
2023-03-08 01:25:06/116/Internal event
2023-03-08 01:25:06/117/Internal event
2023-03-08 01:25:06/119/RecFrom:process_3/QueueSize:2
2023-03-08 01:25:07/120/RecFrom:process_3/QueueSize:1
2023-03-08 01:25:07/121/Internal event
2023-03-08 01:25:07/122/Internal event
2023-03-08 01:25:07/123/Broadcast to all machines
2023-03-08 01:25:08/124/Internal event
2023-03-08 01:25:08/125/Internal event
2023-03-08 01:25:08/127/RecFrom:process_3/QueueSize:1
2023-03-08 01:25:09/128/Internal event
2023-03-08 01:25:09/129/Broadcast to all machines
2023-03-08 01:25:09/130/Broadcast to all machines
2023-03-08 01:25:09/131/Internal event
2023-03-08 01:25:10/133/RecFrom:process_3/QueueSize:1
2023-03-08 01:25:10/134/Internal event
2023-03-08 01:25:10/135/RecFrom:process_3/QueueSize:1
2023-03-08 01:25:10/136/Internal event
2023-03-08 01:25:11/137/Sent to machine_1
2023-03-08 01:25:11/138/Internal event
2023-03-08 01:25:11/139/Sent to machine_2
2023-03-08 01:25:11/140/Internal event
2023-03-08 01:25:12/141/Internal event
2023-03-08 01:25:12/143/RecFrom:process_3/QueueSize:1
2023-03-08 01:25:12/144/Internal event
2023-03-08 01:25:12/145/Internal event
2023-03-08 01:25:13/146/Internal event
2023-03-08 01:25:13/147/Sent to machine_1
2023-03-08 01:25:13/148/Broadcast to all machines
2023-03-08 01:25:13/149/Internal event
2023-03-08 01:25:14/151/RecFrom:process_3/QueueSize:2
2023-03-08 01:25:14/152/RecFrom:process_3/QueueSize:1
2023-03-08 01:25:14/153/Internal event
2023-03-08 01:25:15/154/Internal event
2023-03-08 01:25:15/156/RecFrom:process_3/QueueSize:1
2023-03-08 01:25:15/157/Sent to machine_1
2023-03-08 01:25:15/158/Internal event
2023-03-08 01:25:16/159/Internal event
2023-03-08 01:25:16/160/RecFrom:process_2/QueueSize:1
2023-03-08 01:25:16/161/Internal event
2023-03-08 01:25:16/162/Broadcast to all machines
2023-03-08 01:25:17/163/Internal event
2023-03-08 01:25:17/164/Internal event
2023-03-08 01:25:17/165/Sent to machine_2
2023-03-08 01:25:17/166/Internal event
2023-03-08 01:25:18/167/Broadcast to all machines
2023-03-08 01:25:18/168/Internal event
2023-03-08 01:25:18/169/Internal event
2023-03-08 01:25:18/170/Internal event
2023-03-08 01:25:19/171/Sent to machine_1
2023-03-08 01:25:19/172/Sent to machine_2
2023-03-08 01:25:19/173/Internal event
2023-03-08 01:25:19/174/Sent to machine_2
2023-03-08 01:25:20/175/Internal event
2023-03-08 01:25:20/176/Internal event
2023-03-08 01:25:20/177/Internal event
2023-03-08 01:25:21/178/Internal event
2023-03-08 01:25:21/179/Internal event
2023-03-08 01:25:21/180/Sent to machine_1
2023-03-08 01:25:21/181/Internal event
2023-03-08 01:25:22/182/Sent to machine_1
2023-03-08 01:25:22/183/Internal event
2023-03-08 01:25:22/184/Internal event
2023-03-08 01:25:23/185/Internal event
2023-03-08 01:25:23/187/RecFrom:process_3/QueueSize:2
2023-03-08 01:25:23/188/RecFrom:process_2/QueueSize:2
2023-03-08 01:25:23/189/RecFrom:process_3/QueueSize:1
2023-03-08 01:25:23/190/RecFrom:process_3/QueueSize:1
2023-03-08 01:25:24/191/Internal event
2023-03-08 01:25:24/192/Internal event
2023-03-08 01:25:24/193/Sent to machine_2
2023-03-08 01:25:24/194/Sent to machine_2
2023-03-08 01:25:25/195/Internal event
2023-03-08 01:25:25/196/Internal event
2023-03-08 01:25:25/197/Internal event
2023-03-08 01:25:25/199/RecFrom:process_3/QueueSize:1
2023-03-08 01:25:26/200/Sent to machine_2
2023-03-08 01:25:26/201/Sent to machine_1
2023-03-08 01:25:26/202/Sent to machine_1
2023-03-08 01:25:26/204/RecFrom:process_3/QueueSize:1
2023-03-08 01:25:27/205/Internal event
2023-03-08 01:25:27/206/RecFrom:process_3/QueueSize:1
2023-03-08 01:25:27/207/Internal event
2023-03-08 01:25:27/208/Internal event
2023-03-08 01:25:28/209/Internal event
2023-03-08 01:25:28/210/Internal event
2023-03-08 01:25:28/211/Internal event
2023-03-08 01:25:29/212/Internal event
2023-03-08 01:25:29/213/RecFrom:process_3/QueueSize:2
2023-03-08 01:25:29/214/RecFrom:process_2/QueueSize:1
2023-03-08 01:25:29/215/Internal event
2023-03-08 01:25:30/216/Internal event
2023-03-08 01:25:30/217/Internal event
2023-03-08 01:25:30/218/Internal event
2023-03-08 01:25:31/219/Internal event
2023-03-08 01:25:31/220/Internal event
2023-03-08 01:25:31/221/Broadcast to all machines
2023-03-08 01:25:31/222/Internal event
2023-03-08 01:25:32/223/Internal event
2023-03-08 01:25:32/224/Broadcast to all machines
2023-03-08 01:25:32/225/Internal event
2023-03-08 01:25:32/227/RecFrom:process_3/QueueSize:1
2023-03-08 01:25:33/228/RecFrom:process_3/QueueSize:1
2023-03-08 01:25:33/229/Internal event
2023-03-08 01:25:33/230/Internal event
2023-03-08 01:25:34/231/Internal event
2023-03-08 01:25:34/232/Internal event
2023-03-08 01:25:34/233/Broadcast to all machines
2023-03-08 01:25:34/234/Broadcast to all machines
2023-03-08 01:25:34/235/Sent to machine_1
2023-03-08 01:25:35/236/Internal event
2023-03-08 01:25:35/237/RecFrom:process_3/QueueSize:1
2023-03-08 01:25:35/238/Broadcast to all machines
2023-03-08 01:25:35/239/Internal event
2023-03-08 01:25:36/240/Internal event
2023-03-08 01:25:36/241/Internal event
2023-03-08 01:25:36/242/Internal event
2023-03-08 01:25:37/243/Internal event
2023-03-08 01:25:37/244/RecFrom:process_2/QueueSize:1
2023-03-08 01:25:37/245/Internal event
2023-03-08 01:25:37/246/RecFrom:process_2/QueueSize:1
2023-03-08 01:25:38/247/Internal event
2023-03-08 01:25:38/248/Internal event
2023-03-08 01:25:38/249/Internal event
2023-03-08 01:25:39/251/RecFrom:process_3/QueueSize:3
2023-03-08 01:25:39/252/RecFrom:process_2/QueueSize:2
2023-03-08 01:25:39/253/RecFrom:process_3/QueueSize:1
2023-03-08 01:25:39/254/RecFrom:process_3/QueueSize:1
2023-03-08 01:25:39/255/Internal event
2023-03-08 01:25:40/256/Internal event
2023-03-08 01:25:40/257/Sent to machine_1
2023-03-08 01:25:40/258/Internal event
2023-03-08 01:25:40/259/RecFrom:process_3/QueueSize:1
2023-03-08 01:25:41/260/Internal event
2023-03-08 01:25:41/261/Internal event
2023-03-08 01:25:41/262/RecFrom:process_2/QueueSize:1
2023-03-08 01:25:41/263/RecFrom:process_3/QueueSize:1
2023-03-08 01:25:42/264/Internal event
2023-03-08 01:25:42/265/Internal event
2023-03-08 01:25:42/266/Internal event
2023-03-08 01:25:43/267/Sent to machine_1
2023-03-08 01:25:43/268/Sent to machine_2
2023-03-08 01:25:43/269/Sent to machine_1
2023-03-08 01:25:43/271/RecFrom:process_3/QueueSize:1
2023-03-08 01:25:44/272/Internal event
2023-03-08 01:25:44/273/Internal event
2023-03-08 01:25:44/274/Internal event
2023-03-08 01:25:44/275/Internal event
2023-03-08 01:25:45/276/Internal event
2023-03-08 01:25:45/278/RecFrom:process_3/QueueSize:1
2023-03-08 01:25:45/279/RecFrom:process_3/QueueSize:1
2023-03-08 01:25:45/280/Internal event
2023-03-08 01:25:46/281/Internal event
2023-03-08 01:25:46/282/RecFrom:process_2/QueueSize:1
2023-03-08 01:25:46/283/Internal event
2023-03-08 01:25:47/284/Internal event
2023-03-08 01:25:47/285/Internal event
2023-03-08 01:25:47/286/Internal event
2023-03-08 01:25:47/287/RecFrom:process_3/QueueSize:1
2023-03-08 01:25:48/288/RecFrom:process_2/QueueSize:1
2023-03-08 01:25:48/289/Internal event
2023-03-08 01:25:48/290/RecFrom:process_3/QueueSize:1
2023-03-08 01:25:48/291/Internal event
2023-03-08 01:25:49/292/Internal event
