1, 1.0
2023-03-08 01:16:29/1/Internal event
2023-03-08 01:16:30/2/RecFrom:process_2/QueueSize:3
2023-03-08 01:16:31/4/RecFrom:process_2/QueueSize:2
2023-03-08 01:16:32/6/RecFrom:process_2/QueueSize:1
2023-03-08 01:16:33/12/RecFrom:process_3/QueueSize:2
2023-03-08 01:16:34/19/RecFrom:process_2/QueueSize:1
2023-03-08 01:16:35/24/RecFrom:process_2/QueueSize:1
2023-03-08 01:16:36/30/RecFrom:process_2/QueueSize:1
2023-03-08 01:16:37/32/RecFrom:process_2/QueueSize:1
2023-03-08 01:16:38/33/RecFrom:process_3/QueueSize:2
2023-03-08 01:16:39/40/RecFrom:process_2/QueueSize:2
2023-03-08 01:16:40/41/RecFrom:process_2/QueueSize:1
2023-03-08 01:16:41/50/RecFrom:process_2/QueueSize:1
2023-03-08 01:16:42/55/RecFrom:process_2/QueueSize:1
2023-03-08 01:16:43/56/Sent to machine_1
2023-03-08 01:16:44/63/RecFrom:process_2/QueueSize:2
2023-03-08 01:16:45/65/RecFrom:process_2/QueueSize:3
2023-03-08 01:16:46/69/RecFrom:process_2/QueueSize:3
2023-03-08 01:16:47/70/RecFrom:process_2/QueueSize:2
2023-03-08 01:16:48/72/RecFrom:process_2/QueueSize:3
2023-03-08 01:16:49/79/RecFrom:process_2/QueueSize:2
2023-03-08 01:16:50/80/RecFrom:process_2/QueueSize:1
2023-03-08 01:16:51/81/Broadcast to all machines
2023-03-08 01:16:52/96/RecFrom:process_2/QueueSize:1
2023-03-08 01:16:53/102/RecFrom:process_2/QueueSize:1
2023-03-08 01:16:54/107/RecFrom:process_2/QueueSize:1
2023-03-08 01:16:55/110/RecFrom:process_2/QueueSize:2
2023-03-08 01:16:56/111/RecFrom:process_2/QueueSize:2
2023-03-08 01:16:57/115/RecFrom:process_2/QueueSize:2
2023-03-08 01:16:58/117/RecFrom:process_2/QueueSize:4
2023-03-08 01:16:59/122/RecFrom:process_2/QueueSize:3
2023-03-08 01:17:00/123/RecFrom:process_2/QueueSize:2
2023-03-08 01:17:01/125/RecFrom:process_2/QueueSize:1
2023-03-08 01:17:02/141/RecFrom:process_2/QueueSize:1
2023-03-08 01:17:03/142/RecFrom:process_2/QueueSize:1
2023-03-08 01:17:04/149/RecFrom:process_2/QueueSize:1
2023-03-08 01:17:05/150/Internal event
2023-03-08 01:17:06/151/Sent to machine_1
2023-03-08 01:17:07/160/RecFrom:process_2/QueueSize:1
2023-03-08 01:17:08/167/RecFrom:process_2/QueueSize:1
2023-03-08 01:17:09/168/Internal event
2023-03-08 01:17:10/169/Internal event
2023-03-08 01:17:11/170/Internal event
2023-03-08 01:17:12/171/Sent to machine_2
2023-03-08 01:17:13/188/RecFrom:process_2/QueueSize:1
2023-03-08 01:17:14/192/RecFrom:process_2/QueueSize:1
2023-03-08 01:17:15/193/Internal event
2023-03-08 01:17:16/199/RecFrom:process_2/QueueSize:2
2023-03-08 01:17:17/200/RecFrom:process_2/QueueSize:2
2023-03-08 01:17:18/203/RecFrom:process_2/QueueSize:2
2023-03-08 01:17:19/208/RecFrom:process_2/QueueSize:2
2023-03-08 01:17:20/213/RecFrom:process_2/QueueSize:2
2023-03-08 01:17:21/216/RecFrom:process_2/QueueSize:2
2023-03-08 01:17:22/221/RecFrom:process_2/QueueSize:2
2023-03-08 01:17:23/224/RecFrom:process_2/QueueSize:1
2023-03-08 01:17:24/235/RecFrom:process_2/QueueSize:1
2023-03-08 01:17:25/236/Broadcast to all machines
2023-03-08 01:17:26/243/RecFrom:process_2/QueueSize:1
2023-03-08 01:17:28/244/Internal event
2023-03-08 01:17:29/245/Sent to machine_2
2023-03-08 01:17:30/254/RecFrom:process_2/QueueSize:2
2023-03-08 01:17:31/257/RecFrom:process_2/QueueSize:2
2023-03-08 01:17:32/258/RecFrom:process_2/QueueSize:1
2023-03-08 01:17:33/266/RecFrom:process_2/QueueSize:1
2023-03-08 01:17:34/271/RecFrom:process_2/QueueSize:1
2023-03-08 01:17:35/272/Sent to machine_2
2023-03-08 01:17:36/281/RecFrom:process_2/QueueSize:1
2023-03-08 01:17:37/284/RecFrom:process_2/QueueSize:1
2023-03-08 01:17:38/285/Internal event
2023-03-08 01:17:39/286/Sent to machine_1
2023-03-08 01:17:40/287/Broadcast to all machines
2023-03-08 01:17:41/303/RecFrom:process_2/QueueSize:1
2023-03-08 01:17:42/304/Internal event
2023-03-08 01:17:43/310/RecFrom:process_2/QueueSize:1
2023-03-08 01:17:44/311/Internal event
2023-03-08 01:17:45/312/Internal event
2023-03-08 01:17:46/323/RecFrom:process_2/QueueSize:1
2023-03-08 01:17:47/324/Internal event
