Time
2023-03-08 01:32:37/1/Internal event
2023-03-08 01:32:37/2/Internal event
2023-03-08 01:32:37/4/RecFrom:process_2/QueueSize:1
2023-03-08 01:32:38/5/Internal event
2023-03-08 01:32:38/6/Broadcast to all machines
2023-03-08 01:32:39/7/Internal event
2023-03-08 01:32:39/9/RecFrom:process_3/QueueSize:1
2023-03-08 01:32:39/10/RecFrom:process_2/QueueSize:1
2023-03-08 01:32:40/11/Internal event
2023-03-08 01:32:40/12/RecFrom:process_3/QueueSize:1
2023-03-08 01:32:41/13/Internal event
2023-03-08 01:32:41/14/Sent to machine_1
2023-03-08 01:32:41/15/Internal event
2023-03-08 01:32:42/17/RecFrom:process_2/QueueSize:1
2023-03-08 01:32:42/18/Internal event
2023-03-08 01:32:43/19/Internal event
2023-03-08 01:32:43/20/Internal event
2023-03-08 01:32:43/21/Sent to machine_1
2023-03-08 01:32:44/22/Internal event
2023-03-08 01:32:44/23/Internal event
2023-03-08 01:32:45/24/Sent to machine_2
2023-03-08 01:32:45/26/RecFrom:process_2/QueueSize:1
2023-03-08 01:32:45/27/Internal event
2023-03-08 01:32:46/28/Sent to machine_1
2023-03-08 01:32:46/29/Internal event
2023-03-08 01:32:46/30/RecFrom:process_3/QueueSize:1
2023-03-08 01:32:47/32/RecFrom:process_2/QueueSize:1
2023-03-08 01:32:47/33/RecFrom:process_3/QueueSize:1
2023-03-08 01:32:48/34/Internal event
2023-03-08 01:32:48/35/Internal event
2023-03-08 01:32:48/36/Internal event
2023-03-08 01:32:49/37/RecFrom:process_3/QueueSize:2
2023-03-08 01:32:49/38/RecFrom:process_2/QueueSize:1
2023-03-08 01:32:50/39/Internal event
2023-03-08 01:32:50/40/Internal event
2023-03-08 01:32:50/41/RecFrom:process_2/QueueSize:1
2023-03-08 01:32:51/42/Sent to machine_2
2023-03-08 01:32:51/43/Internal event
2023-03-08 01:32:51/44/Sent to machine_2
2023-03-08 01:32:52/45/Internal event
2023-03-08 01:32:52/46/Internal event
2023-03-08 01:32:53/47/Sent to machine_2
2023-03-08 01:32:53/48/Broadcast to all machines
2023-03-08 01:32:53/49/Sent to machine_2
2023-03-08 01:32:54/50/Internal event
2023-03-08 01:32:54/51/Internal event
2023-03-08 01:32:55/52/Sent to machine_2
2023-03-08 01:32:55/53/Internal event
2023-03-08 01:32:55/54/Internal event
2023-03-08 01:32:56/55/Internal event
2023-03-08 01:32:56/56/Internal event
2023-03-08 01:32:57/57/Internal event
2023-03-08 01:32:57/58/Sent to machine_1
2023-03-08 01:32:57/59/Internal event
2023-03-08 01:32:58/61/RecFrom:process_3/QueueSize:1
2023-03-08 01:32:58/62/Sent to machine_2
2023-03-08 01:32:59/63/Internal event
2023-03-08 01:32:59/64/Internal event
2023-03-08 01:32:59/65/Sent to machine_1
2023-03-08 01:33:00/66/Internal event
2023-03-08 01:33:00/67/Internal event
2023-03-08 01:33:01/68/Internal event
2023-03-08 01:33:01/69/Internal event
2023-03-08 01:33:01/71/RecFrom:process_2/QueueSize:1
2023-03-08 01:33:02/72/Sent to machine_2
2023-03-08 01:33:02/73/Internal event
2023-03-08 01:33:03/74/Sent to machine_2
2023-03-08 01:33:03/75/Internal event
2023-03-08 01:33:03/76/Sent to machine_1
2023-03-08 01:33:04/77/Internal event
2023-03-08 01:33:04/78/Internal event
2023-03-08 01:33:05/79/Internal event
2023-03-08 01:33:05/80/Internal event
2023-03-08 01:33:06/81/Internal event
2023-03-08 01:33:06/84/RecFrom:process_2/QueueSize:1
2023-03-08 01:33:06/85/Internal event
2023-03-08 01:33:07/86/RecFrom:process_2/QueueSize:1
2023-03-08 01:33:07/87/Sent to machine_1
2023-03-08 01:33:07/88/Internal event
2023-03-08 01:33:08/89/Broadcast to all machines
2023-03-08 01:33:08/90/Internal event
2023-03-08 01:33:09/91/Internal event
2023-03-08 01:33:09/93/RecFrom:process_3/QueueSize:1
2023-03-08 01:33:09/94/Internal event
2023-03-08 01:33:10/95/Internal event
2023-03-08 01:33:10/96/Internal event
2023-03-08 01:33:11/97/RecFrom:process_2/QueueSize:1
2023-03-08 01:33:11/98/RecFrom:process_2/QueueSize:1
2023-03-08 01:33:11/99/Broadcast to all machines
2023-03-08 01:33:12/100/Internal event
2023-03-08 01:33:12/101/Internal event
2023-03-08 01:33:13/102/Internal event
2023-03-08 01:33:13/103/Internal event
2023-03-08 01:33:13/104/Internal event
2023-03-08 01:33:14/107/RecFrom:process_2/QueueSize:1
2023-03-08 01:33:14/109/RecFrom:process_3/QueueSize:1
2023-03-08 01:33:15/110/Internal event
2023-03-08 01:33:15/111/RecFrom:process_3/QueueSize:1
2023-03-08 01:33:15/112/Internal event
2023-03-08 01:33:16/113/Internal event
2023-03-08 01:33:16/115/RecFrom:process_3/QueueSize:1
2023-03-08 01:33:16/116/RecFrom:process_2/QueueSize:1
2023-03-08 01:33:17/117/Internal event
2023-03-08 01:33:17/118/Internal event
2023-03-08 01:33:18/119/RecFrom:process_2/QueueSize:1
2023-03-08 01:33:18/120/Internal event
2023-03-08 01:33:18/121/RecFrom:process_3/QueueSize:1
2023-03-08 01:33:19/122/Internal event
2023-03-08 01:33:19/123/Sent to machine_1
2023-03-08 01:33:20/124/Internal event
2023-03-08 01:33:20/125/Sent to machine_2
2023-03-08 01:33:20/126/Internal event
2023-03-08 01:33:21/127/Internal event
2023-03-08 01:33:21/128/Sent to machine_2
2023-03-08 01:33:22/129/Internal event
2023-03-08 01:33:22/130/Internal event
2023-03-08 01:33:23/131/Internal event
2023-03-08 01:33:23/132/Broadcast to all machines
2023-03-08 01:33:23/133/Internal event
2023-03-08 01:33:24/134/Internal event
2023-03-08 01:33:24/135/Internal event
2023-03-08 01:33:25/136/Internal event
2023-03-08 01:33:25/137/Sent to machine_2
2023-03-08 01:33:25/138/Sent to machine_1
2023-03-08 01:33:26/139/Broadcast to all machines
2023-03-08 01:33:26/140/Internal event
2023-03-08 01:33:27/141/Internal event
2023-03-08 01:33:27/142/Sent to machine_2
2023-03-08 01:33:27/146/RecFrom:process_2/QueueSize:1
2023-03-08 01:33:28/147/Internal event
2023-03-08 01:33:28/148/Sent to machine_2
2023-03-08 01:33:28/149/RecFrom:process_3/QueueSize:1
2023-03-08 01:33:29/150/Internal event
2023-03-08 01:33:29/151/Internal event
2023-03-08 01:33:30/152/Internal event
2023-03-08 01:33:30/153/Broadcast to all machines
2023-03-08 01:33:30/154/Internal event
2023-03-08 01:33:31/155/Internal event
2023-03-08 01:33:31/156/Sent to machine_1
2023-03-08 01:33:32/157/Internal event
2023-03-08 01:33:32/158/Internal event
2023-03-08 01:33:32/161/RecFrom:process_3/QueueSize:1
2023-03-08 01:33:33/162/Sent to machine_1
2023-03-08 01:33:33/163/RecFrom:process_3/QueueSize:1
2023-03-08 01:33:34/164/Internal event
2023-03-08 01:33:34/165/Internal event
2023-03-08 01:33:34/167/RecFrom:process_2/QueueSize:1
2023-03-08 01:33:35/168/RecFrom:process_2/QueueSize:1
2023-03-08 01:33:35/169/RecFrom:process_2/QueueSize:1
2023-03-08 01:33:35/170/Internal event
2023-03-08 01:33:36/171/Internal event
2023-03-08 01:33:36/172/RecFrom:process_3/QueueSize:1
2023-03-08 01:33:37/173/Internal event
2023-03-08 01:33:37/175/RecFrom:process_2/QueueSize:1
2023-03-08 01:33:37/176/Internal event
2023-03-08 01:33:38/177/Internal event
2023-03-08 01:33:38/178/Internal event
2023-03-08 01:33:39/179/Internal event
2023-03-08 01:33:39/180/RecFrom:process_2/QueueSize:1
2023-03-08 01:33:39/181/Sent to machine_1
2023-03-08 01:33:40/182/Internal event
2023-03-08 01:33:40/183/Sent to machine_2
2023-03-08 01:33:41/184/Internal event
2023-03-08 01:33:41/186/RecFrom:process_2/QueueSize:1
2023-03-08 01:33:41/187/Internal event
2023-03-08 01:33:42/188/RecFrom:process_3/QueueSize:1
2023-03-08 01:33:42/189/Internal event
2023-03-08 01:33:42/191/RecFrom:process_3/QueueSize:1
2023-03-08 01:33:43/192/RecFrom:process_3/QueueSize:1
2023-03-08 01:33:43/193/Broadcast to all machines
2023-03-08 01:33:44/194/Internal event
2023-03-08 01:33:44/195/Sent to machine_1
2023-03-08 01:33:44/196/Internal event
2023-03-08 01:33:45/197/Internal event
2023-03-08 01:33:45/198/Internal event
2023-03-08 01:33:46/199/Internal event
2023-03-08 01:33:46/200/Broadcast to all machines
2023-03-08 01:33:46/201/Broadcast to all machines
2023-03-08 01:33:47/202/Internal event
2023-03-08 01:33:47/204/RecFrom:process_3/QueueSize:2
2023-03-08 01:33:47/205/RecFrom:process_3/QueueSize:1
2023-03-08 01:33:48/206/RecFrom:process_2/QueueSize:1
2023-03-08 01:33:48/207/Internal event
2023-03-08 01:33:49/208/Internal event
2023-03-08 01:33:49/209/Internal event
2023-03-08 01:33:49/210/RecFrom:process_3/QueueSize:2
2023-03-08 01:33:50/211/RecFrom:process_3/QueueSize:1
2023-03-08 01:33:50/213/RecFrom:process_2/QueueSize:1
2023-03-08 01:33:50/214/Broadcast to all machines
2023-03-08 01:33:51/215/Internal event
2023-03-08 01:33:51/216/Internal event
2023-03-08 01:33:52/217/Internal event
2023-03-08 01:33:52/219/RecFrom:process_2/QueueSize:1
2023-03-08 01:33:52/220/Sent to machine_2
2023-03-08 01:33:53/221/RecFrom:process_2/QueueSize:1
2023-03-08 01:33:53/222/RecFrom:process_2/QueueSize:1
2023-03-08 01:33:54/223/Internal event
2023-03-08 01:33:54/224/Internal event
2023-03-08 01:33:54/225/Sent to machine_1
2023-03-08 01:33:55/226/Sent to machine_2
2023-03-08 01:33:55/227/Internal event
2023-03-08 01:33:56/228/Internal event
2023-03-08 01:33:56/230/RecFrom:process_3/QueueSize:1
2023-03-08 01:33:56/231/Internal event
2023-03-08 01:33:57/232/Sent to machine_2
2023-03-08 01:33:57/233/Internal event
2023-03-08 01:33:57/235/RecFrom:process_3/QueueSize:1
2023-03-08 01:33:58/236/RecFrom:process_2/QueueSize:1
2023-03-08 01:33:58/237/Broadcast to all machines
2023-03-08 01:33:59/238/Internal event
2023-03-08 01:33:59/239/Internal event
2023-03-08 01:33:59/240/Internal event
2023-03-08 01:34:00/241/Internal event
2023-03-08 01:34:00/242/Internal event
2023-03-08 01:34:01/246/RecFrom:process_3/QueueSize:1
2023-03-08 01:34:01/247/Internal event
2023-03-08 01:34:01/248/RecFrom:process_2/QueueSize:1
2023-03-08 01:34:02/249/RecFrom:process_3/QueueSize:1
2023-03-08 01:34:02/250/Internal event
2023-03-08 01:34:03/251/Internal event
2023-03-08 01:34:03/252/Sent to machine_1
2023-03-08 01:34:03/253/Internal event
2023-03-08 01:34:04/254/RecFrom:process_3/QueueSize:1
2023-03-08 01:34:04/255/Internal event
2023-03-08 01:34:05/257/RecFrom:process_2/QueueSize:1
2023-03-08 01:34:05/258/Internal event
2023-03-08 01:34:05/259/Internal event
2023-03-08 01:34:06/260/Internal event
2023-03-08 01:34:06/261/Internal event
2023-03-08 01:34:07/262/Internal event
2023-03-08 01:34:07/263/Sent to machine_1
2023-03-08 01:34:07/264/Sent to machine_1
2023-03-08 01:34:08/265/Sent to machine_2
2023-03-08 01:34:08/266/Internal event
2023-03-08 01:34:09/267/Sent to machine_1
2023-03-08 01:34:09/268/Internal event
2023-03-08 01:34:09/270/RecFrom:process_2/QueueSize:2
2023-03-08 01:34:10/271/RecFrom:process_3/QueueSize:2
2023-03-08 01:34:10/272/RecFrom:process_3/QueueSize:1
2023-03-08 01:34:10/273/Sent to machine_2
2023-03-08 01:34:11/274/RecFrom:process_2/QueueSize:1
2023-03-08 01:34:11/275/Internal event
2023-03-08 01:34:12/276/Internal event
2023-03-08 01:34:12/277/Internal event
2023-03-08 01:34:12/278/Internal event
2023-03-08 01:34:13/279/Broadcast to all machines
2023-03-08 01:34:13/280/Internal event
2023-03-08 01:34:14/281/Internal event
2023-03-08 01:34:14/283/RecFrom:process_2/QueueSize:1
2023-03-08 01:34:14/285/RecFrom:process_3/QueueSize:1
2023-03-08 01:34:15/286/Internal event
2023-03-08 01:34:15/287/Internal event
2023-03-08 01:34:16/288/Internal event
2023-03-08 01:34:16/289/Internal event
2023-03-08 01:34:17/290/Internal event
2023-03-08 01:34:17/291/Broadcast to all machines
2023-03-08 01:34:17/292/Sent to machine_2
2023-03-08 01:34:18/293/Internal event
2023-03-08 01:34:18/295/RecFrom:process_2/QueueSize:1
2023-03-08 01:34:18/296/Internal event
2023-03-08 01:34:19/297/Internal event
2023-03-08 01:34:19/298/Internal event
2023-03-08 01:34:20/299/Internal event
2023-03-08 01:34:20/300/RecFrom:process_2/QueueSize:3
2023-03-08 01:34:20/301/RecFrom:process_3/QueueSize:3
2023-03-08 01:34:21/302/RecFrom:process_2/QueueSize:3
2023-03-08 01:34:21/303/RecFrom:process_2/QueueSize:2
2023-03-08 01:34:21/304/RecFrom:process_2/QueueSize:1
2023-03-08 01:34:22/305/RecFrom:process_2/QueueSize:1
2023-03-08 01:34:22/307/RecFrom:process_3/QueueSize:1
2023-03-08 01:34:22/308/RecFrom:process_3/QueueSize:1
2023-03-08 01:34:23/309/Internal event
2023-03-08 01:34:23/310/Internal event
2023-03-08 01:34:24/311/Internal event
2023-03-08 01:34:24/312/Internal event
2023-03-08 01:34:25/313/Sent to machine_2
2023-03-08 01:34:25/314/RecFrom:process_2/QueueSize:1
2023-03-08 01:34:25/315/Sent to machine_2
2023-03-08 01:34:26/316/Sent to machine_1
2023-03-08 01:34:26/317/Internal event
2023-03-08 01:34:26/319/RecFrom:process_2/QueueSize:2
2023-03-08 01:34:27/320/RecFrom:process_2/QueueSize:2
2023-03-08 01:34:27/321/RecFrom:process_3/QueueSize:1
2023-03-08 01:34:27/322/Internal event
2023-03-08 01:34:28/323/Internal event
2023-03-08 01:34:28/324/Broadcast to all machines
2023-03-08 01:34:29/325/RecFrom:process_2/QueueSize:1
2023-03-08 01:34:29/326/Sent to machine_1
2023-03-08 01:34:29/327/Internal event
2023-03-08 01:34:30/328/Broadcast to all machines
2023-03-08 01:34:30/329/Internal event
2023-03-08 01:34:31/330/Internal event
2023-03-08 01:34:31/332/RecFrom:process_3/QueueSize:1
2023-03-08 01:34:31/333/Internal event
2023-03-08 01:34:32/335/RecFrom:process_2/QueueSize:1
2023-03-08 01:34:32/336/Internal event
2023-03-08 01:34:32/337/Sent to machine_2
2023-03-08 01:34:33/339/RecFrom:process_2/QueueSize:1
2023-03-08 01:34:33/340/RecFrom:process_2/QueueSize:1
2023-03-08 01:34:33/341/Sent to machine_1
2023-03-08 01:34:34/343/RecFrom:process_3/QueueSize:1
2023-03-08 01:34:34/344/Sent to machine_2
2023-03-08 01:34:34/345/Sent to machine_2
2023-03-08 01:34:35/346/Internal event
2023-03-08 01:34:35/347/Internal event
2023-03-08 01:34:36/348/Internal event
2023-03-08 01:34:36/351/RecFrom:process_2/QueueSize:1
2023-03-08 01:34:37/352/Internal event
2023-03-08 01:34:37/353/RecFrom:process_3/QueueSize:1
2023-03-08 01:34:37/354/Internal event
2023-03-08 01:34:38/355/Internal event
2023-03-08 01:34:38/357/RecFrom:process_2/QueueSize:1
2023-03-08 01:34:39/358/Internal event
2023-03-08 01:34:39/359/Sent to machine_2
2023-03-08 01:34:39/360/Broadcast to all machines
2023-03-08 01:34:40/361/Sent to machine_1
2023-03-08 01:34:40/363/RecFrom:process_3/QueueSize:1
2023-03-08 01:34:40/364/Sent to machine_2
2023-03-08 01:34:41/365/Broadcast to all machines
2023-03-08 01:34:41/366/Internal event
2023-03-08 01:34:41/368/RecFrom:process_3/QueueSize:1
2023-03-08 01:34:42/369/Internal event
2023-03-08 01:34:42/370/Internal event
2023-03-08 01:34:43/371/Broadcast to all machines
2023-03-08 01:34:43/372/Internal event
2023-03-08 01:34:43/373/Internal event
2023-03-08 01:34:44/374/Sent to machine_1
2023-03-08 01:34:44/375/Internal event
2023-03-08 01:34:45/376/Internal event
2023-03-08 01:34:45/377/Internal event
2023-03-08 01:34:46/378/Internal event
2023-03-08 01:34:46/379/Internal event
2023-03-08 01:34:46/380/Internal event
2023-03-08 01:34:47/382/RecFrom:process_2/QueueSize:1
2023-03-08 01:34:47/383/Internal event
2023-03-08 01:34:48/384/Internal event
2023-03-08 01:34:48/386/RecFrom:process_3/QueueSize:1
2023-03-08 01:34:48/387/Sent to machine_1
2023-03-08 01:34:49/388/Internal event
2023-03-08 01:34:49/389/Sent to machine_1
2023-03-08 01:34:50/390/Internal event
2023-03-08 01:34:50/391/Internal event
2023-03-08 01:34:50/392/Internal event
2023-03-08 01:34:51/393/Internal event
2023-03-08 01:34:51/394/Sent to machine_2
2023-03-08 01:34:52/395/Internal event
2023-03-08 01:34:52/396/Broadcast to all machines
2023-03-08 01:34:52/397/Internal event
2023-03-08 01:34:53/399/RecFrom:process_2/QueueSize:2
2023-03-08 01:34:53/400/RecFrom:process_2/QueueSize:1
2023-03-08 01:34:53/402/RecFrom:process_3/QueueSize:1
2023-03-08 01:34:54/403/Broadcast to all machines
2023-03-08 01:34:54/404/Internal event
2023-03-08 01:34:55/405/Internal event
2023-03-08 01:34:55/406/Internal event
2023-03-08 01:34:55/407/Internal event
2023-03-08 01:34:56/408/Internal event
2023-03-08 01:34:56/409/Internal event
2023-03-08 01:34:57/412/RecFrom:process_3/QueueSize:1
2023-03-08 01:34:57/414/RecFrom:process_2/QueueSize:1
2023-03-08 01:34:57/415/Internal event
2023-03-08 01:34:58/416/RecFrom:process_3/QueueSize:1
